#
# There is insufficient memory for the Java Runtime Environment to continue.
# Native memory allocation (malloc) failed to allocate 1048576 bytes for AllocateHeap
# Possible reasons:
#   The system is out of physical RAM or swap space
#   The process is running with CompressedOops enabled, and the Java Heap may be blocking the growth of the native heap
# Possible solutions:
#   Reduce memory load on the system
#   Increase physical memory or swap space
#   Check if swap backing store is full
#   Decrease Java heap size (-Xmx/-Xms)
#   Decrease number of Java threads
#   Decrease Java thread stack sizes (-Xss)
#   Set larger code cache with -XX:ReservedCodeCacheSize=
#   JVM is running with Zero Based Compressed Oops mode in which the Java heap is
#     placed in the first 32GB address space. The Java Heap base address is the
#     maximum limit for the native heap growth. Please use -XX:HeapBaseMinAddress
#     to set the Java Heap base and to place the Java Heap above 32GB virtual address.
# This output file may be truncated or incomplete.
#
#  Out of Memory Error (./open/src/hotspot/share/memory/allocation.cpp:46), pid=262464, tid=274136
#
# JRE version: Java(TM) SE Runtime Environment 18.9 (11.0.19+9) (build 11.0.19+9-LTS-224)
# Java VM: Java HotSpot(TM) 64-Bit Server VM 18.9 (11.0.19+9-LTS-224, mixed mode, tiered, compressed oops, g1 gc, windows-amd64)
# No core dump will be written. Minidumps are not enabled by default on client versions of Windows
#

---------------  S U M M A R Y ------------

Command Line: -XX:TieredStopAtLevel=1 -Xverify:none -Dspring.output.ansi.enabled=always -Dcom.sun.management.jmxremote -Dspring.jmx.enabled=true -Dspring.liveBeansView.mbeanDomain -Dspring.application.admin.enabled=true -Dmanagement.endpoints.jmx.exposure.include=* -javaagent:C:\Program Files\JetBrains\IntelliJ IDEA 2023.1.1\lib\idea_rt.jar=10660:C:\Program Files\JetBrains\IntelliJ IDEA 2023.1.1\bin -Dfile.encoding=UTF-8 rabbit.umc.com.RabbitApplication

Host: 11th Gen Intel(R) Core(TM) i7-1165G7 @ 2.80GHz, 8 cores, 15G,  Windows 11 , 64 bit Build 22621 (10.0.22621.1928)
Time: Wed Aug  2 20:56:23 2023  Windows 11 , 64 bit Build 22621 (10.0.22621.1928) elapsed time: 4.683185 seconds (0d 0h 0m 4s)

---------------  T H R E A D  ---------------

Current thread (0x000002ad74308800):  VMThread "VM Thread" [stack: 0x000000d927200000,0x000000d927300000] [id=274136]

Stack: [0x000000d927200000,0x000000d927300000]
[error occurred during error reporting (printing stack bounds), id 0xc0000005, EXCEPTION_ACCESS_VIOLATION (0xc0000005) at pc=0x000002ad587f10e7]

Native frames: (J=compiled Java code, j=interpreted, Vv=VM code, C=native code)
V  [jvm.dll+0x65fe1a]
V  [jvm.dll+0x7a2bbf]
V  [jvm.dll+0x7a4289]
V  [jvm.dll+0x7a4885]
V  [jvm.dll+0x7a483b]
V  [jvm.dll+0x65f323]
V  [jvm.dll+0x65fa18]
C  [ntdll.dll+0xa3dff]
C  [ntdll.dll+0x1e456]
C  [ntdll.dll+0xa2dee]
C  0x000002ad587f10e7

VM_Operation (0x000000d9285fc0b0): CollectForMetadataAllocation, mode: safepoint, requested by thread 0x000002ad761c6000


---------------  P R O C E S S  ---------------

Threads class SMR info:
_java_thread_list=0x000002ad761d3d00, length=15, elements={
0x000002ad4f96b000, 0x000002ad7430b000, 0x000002ad74bba800, 0x000002ad74c28000,
0x000002ad74c29800, 0x000002ad74c2b800, 0x000002ad74c2e800, 0x000002ad74c3b000,
0x000002ad742c3800, 0x000002ad7531d800, 0x000002ad754c1800, 0x000002ad7606c800,
0x000002ad761c6000, 0x000002ad76856000, 0x000002ad76797000
}

Java Threads: ( => current thread )
  0x000002ad4f96b000 JavaThread "main" [_thread_blocked, id=273168, stack(0x000000d926c00000,0x000000d926d00000)]
  0x000002ad7430b000 JavaThread "Reference Handler" daemon [_thread_blocked, id=272760, stack(0x000000d927300000,0x000000d927400000)]
  0x000002ad74bba800 JavaThread "Finalizer" daemon [_thread_blocked, id=271180, stack(0x000000d927400000,0x000000d927500000)]
  0x000002ad74c28000 JavaThread "Signal Dispatcher" daemon [_thread_blocked, id=265304, stack(0x000000d927500000,0x000000d927600000)]
  0x000002ad74c29800 JavaThread "Attach Listener" daemon [_thread_blocked, id=266656, stack(0x000000d927600000,0x000000d927700000)]
  0x000002ad74c2b800 JavaThread "Service Thread" daemon [_thread_blocked, id=252968, stack(0x000000d927700000,0x000000d927800000)]
  0x000002ad74c2e800 JavaThread "C1 CompilerThread0" daemon [_thread_blocked, id=254980, stack(0x000000d927800000,0x000000d927900000)]
  0x000002ad74c3b000 JavaThread "Sweeper thread" daemon [_thread_blocked, id=248076, stack(0x000000d927900000,0x000000d927a00000)]
  0x000002ad742c3800 JavaThread "Common-Cleaner" daemon [_thread_blocked, id=248380, stack(0x000000d927a00000,0x000000d927b00000)]
  0x000002ad7531d800 JavaThread "Monitor Ctrl-Break" daemon [_thread_in_native, id=234592, stack(0x000000d927b00000,0x000000d927c00000)]
  0x000002ad754c1800 JavaThread "RMI TCP Accept-0" daemon [_thread_in_native, id=10800, stack(0x000000d927c00000,0x000000d927d00000)]
  0x000002ad7606c800 JavaThread "Thread-0" [_thread_blocked, id=222644, stack(0x000000d928400000,0x000000d928500000)]
  0x000002ad761c6000 JavaThread "restartedMain" [_thread_blocked, id=221384, stack(0x000000d928500000,0x000000d928600000)]
  0x000002ad76856000 JavaThread "RMI TCP Connection(1)-172.30.1.32" daemon [_thread_in_native, id=190976, stack(0x000000d928700000,0x000000d928800000)]
  0x000002ad76797000 JavaThread "RMI Scheduler(0)" daemon [_thread_blocked, id=186904, stack(0x000000d928a00000,0x000000d928b00000)]

Other Threads:
=>0x000002ad74308800 VMThread "VM Thread" [stack: 0x000000d927200000,0x000000d927300000] [id=274136]
  0x000002ad754cc800 WatcherThread [stack: 0x000000d927d00000,0x000000d927e00000] [id=134332]
  0x000002ad4f980800 GCTaskThread "GC Thread#0" [stack: 0x000000d926d00000,0x000000d926e00000] [id=274552]
  0x000002ad7615c800 GCTaskThread "GC Thread#1" [stack: 0x000000d927e00000,0x000000d927f00000] [id=20024]
  0x000002ad76145800 GCTaskThread "GC Thread#2" [stack: 0x000000d927f00000,0x000000d928000000] [id=139580]
  0x000002ad7616a800 GCTaskThread "GC Thread#3" [stack: 0x000000d928000000,0x000000d928100000] [id=140736]
  0x000002ad76172800 GCTaskThread "GC Thread#4" [stack: 0x000000d928100000,0x000000d928200000] [id=122736]
  0x000002ad76173800 GCTaskThread "GC Thread#5" [stack: 0x000000d928200000,0x000000d928300000] [id=40472]
  0x000002ad7659c800 GCTaskThread "GC Thread#6" [stack: 0x000000d928800000,0x000000d928900000] [id=266796]
  0x000002ad765c8000 GCTaskThread "GC Thread#7" [stack: 0x000000d928900000,0x000000d928a00000] [id=236036]
  0x000002ad4f9dc000 ConcurrentGCThread "G1 Main Marker" [stack: 0x000000d926e00000,0x000000d926f00000] [id=268708]
  0x000002ad4f9de000 ConcurrentGCThread "G1 Conc#0" [stack: 0x000000d926f00000,0x000000d927000000] [id=273900]
  0x000002ad7624c800 ConcurrentGCThread "G1 Conc#1" [stack: 0x000000d928600000,0x000000d928700000] [id=181764]
  0x000002ad741ef000 ConcurrentGCThread "G1 Refine#0" [stack: 0x000000d927000000,0x000000d927100000] [id=270488]
  0x000002ad761a0800 ConcurrentGCThread "G1 Refine#1" [stack: 0x000000d928300000,0x000000d928400000] [id=136388]
  0x000002ad741f2000 ConcurrentGCThread "G1 Young RemSet Sampling" [stack: 0x000000d927100000,0x000000d927200000] [id=274524]

Threads with active compile tasks:

VM state:at safepoint (normal execution)

VM Mutex/Monitor currently owned by a thread:  ([mutex/lock_event])
[0x000002ad4f9686c0] Threads_lock - owner thread: 0x000002ad74308800
[0x000002ad4f9674c0] Heap_lock - owner thread: 0x000002ad761c6000

Heap address: 0x0000000705000000, size: 4016 MB, Compressed Oops mode: Zero based, Oop shift amount: 3
Narrow klass base: 0x0000000800000000, Narrow klass shift: 0
Compressed class space size: 1073741824 Address: 0x0000000800000000

Heap:
 garbage-first heap   total 258048K, used 17301K [0x0000000705000000, 0x0000000800000000)
  region size 1024K, 8 young (8192K), 8 survivors (8192K)
 Metaspace       used 34368K, capacity 35402K, committed 35504K, reserved 1099776K
  class space    used 4374K, capacity 4814K, committed 4864K, reserved 1048576K
Heap Regions: E=young(eden), S=young(survivor), O=old, HS=humongous(starts), HC=humongous(continues), CS=collection set, F=free, A=archive, TAMS=top-at-mark-start (previous, next)
|   0|0x0000000705000000, 0x0000000705100000, 0x0000000705100000|100%|HS|  |TAMS 0x0000000705100000, 0x0000000705100000| Complete 
|   1|0x0000000705100000, 0x0000000705200000, 0x0000000705200000|100%| O|  |TAMS 0x0000000705200000, 0x0000000705200000| Untracked 
|   2|0x0000000705200000, 0x0000000705300000, 0x0000000705300000|100%| O|  |TAMS 0x0000000705300000, 0x0000000705300000| Untracked 
|   3|0x0000000705300000, 0x0000000705400000, 0x0000000705400000|100%| O|  |TAMS 0x0000000705400000, 0x0000000705400000| Untracked 
|   4|0x0000000705400000, 0x0000000705500000, 0x0000000705500000|100%| O|  |TAMS 0x0000000705500000, 0x0000000705500000| Untracked 
|   5|0x0000000705500000, 0x0000000705600000, 0x0000000705600000|100%| O|  |TAMS 0x0000000705600000, 0x0000000705600000| Untracked 
|   6|0x0000000705600000, 0x0000000705700000, 0x0000000705700000|100%| O|  |TAMS 0x0000000705700000, 0x0000000705700000| Untracked 
|   7|0x0000000705700000, 0x0000000705800000, 0x0000000705800000|100%| O|  |TAMS 0x0000000705800000, 0x0000000705800000| Untracked 
|   8|0x0000000705800000, 0x0000000705900000, 0x0000000705900000|100%| O|  |TAMS 0x0000000705900000, 0x0000000705900000| Untracked 
|   9|0x0000000705900000, 0x0000000705938800, 0x0000000705a00000| 22%| O|  |TAMS 0x0000000705938800, 0x0000000705938800| Untracked 
|  10|0x0000000705a00000, 0x0000000705a00000, 0x0000000705b00000|  0%| F|  |TAMS 0x0000000705a00000, 0x0000000705a00000| Untracked 
|  11|0x0000000705b00000, 0x0000000705b00000, 0x0000000705c00000|  0%| F|  |TAMS 0x0000000705b00000, 0x0000000705b00000| Untracked 
|  12|0x0000000705c00000, 0x0000000705c00000, 0x0000000705d00000|  0%| F|  |TAMS 0x0000000705c00000, 0x0000000705c00000| Untracked 
|  13|0x0000000705d00000, 0x0000000705d00000, 0x0000000705e00000|  0%| F|  |TAMS 0x0000000705d00000, 0x0000000705d00000| Untracked 
|  14|0x0000000705e00000, 0x0000000705e00000, 0x0000000705f00000|  0%| F|  |TAMS 0x0000000705e00000, 0x0000000705e00000| Untracked 
|  15|0x0000000705f00000, 0x0000000705f00000, 0x0000000706000000|  0%| F|  |TAMS 0x0000000705f00000, 0x0000000705f00000| Untracked 
|  16|0x0000000706000000, 0x0000000706000000, 0x0000000706100000|  0%| F|  |TAMS 0x0000000706000000, 0x0000000706000000| Untracked 
|  17|0x0000000706100000, 0x0000000706100000, 0x0000000706200000|  0%| F|  |TAMS 0x0000000706100000, 0x0000000706100000| Untracked 
|  18|0x0000000706200000, 0x0000000706200000, 0x0000000706300000|  0%| F|  |TAMS 0x0000000706200000, 0x0000000706200000| Untracked 
|  19|0x0000000706300000, 0x0000000706300000, 0x0000000706400000|  0%| F|  |TAMS 0x0000000706300000, 0x0000000706300000| Untracked 
|  20|0x0000000706400000, 0x0000000706400000, 0x0000000706500000|  0%| F|  |TAMS 0x0000000706400000, 0x0000000706400000| Untracked 
|  21|0x0000000706500000, 0x0000000706500000, 0x0000000706600000|  0%| F|  |TAMS 0x0000000706500000, 0x0000000706500000| Untracked 
|  22|0x0000000706600000, 0x0000000706600000, 0x0000000706700000|  0%| F|  |TAMS 0x0000000706600000, 0x0000000706600000| Untracked 
|  23|0x0000000706700000, 0x0000000706700000, 0x0000000706800000|  0%| F|  |TAMS 0x0000000706700000, 0x0000000706700000| Untracked 
|  24|0x0000000706800000, 0x0000000706800000, 0x0000000706900000|  0%| F|  |TAMS 0x0000000706800000, 0x0000000706800000| Untracked 
|  25|0x0000000706900000, 0x0000000706900000, 0x0000000706a00000|  0%| F|  |TAMS 0x0000000706900000, 0x0000000706900000| Untracked 
|  26|0x0000000706a00000, 0x0000000706a00000, 0x0000000706b00000|  0%| F|  |TAMS 0x0000000706a00000, 0x0000000706a00000| Untracked 
|  27|0x0000000706b00000, 0x0000000706b00000, 0x0000000706c00000|  0%| F|  |TAMS 0x0000000706b00000, 0x0000000706b00000| Untracked 
|  28|0x0000000706c00000, 0x0000000706c00000, 0x0000000706d00000|  0%| F|  |TAMS 0x0000000706c00000, 0x0000000706c00000| Untracked 
|  29|0x0000000706d00000, 0x0000000706d00000, 0x0000000706e00000|  0%| F|  |TAMS 0x0000000706d00000, 0x0000000706d00000| Untracked 
|  30|0x0000000706e00000, 0x0000000706e00000, 0x0000000706f00000|  0%| F|  |TAMS 0x0000000706e00000, 0x0000000706e00000| Untracked 
|  31|0x0000000706f00000, 0x0000000706f00000, 0x0000000707000000|  0%| F|  |TAMS 0x0000000706f00000, 0x0000000706f00000| Untracked 
|  32|0x0000000707000000, 0x0000000707000000, 0x0000000707100000|  0%| F|  |TAMS 0x0000000707000000, 0x0000000707000000| Untracked 
|  33|0x0000000707100000, 0x0000000707100000, 0x0000000707200000|  0%| F|  |TAMS 0x0000000707100000, 0x0000000707100000| Untracked 
|  34|0x0000000707200000, 0x0000000707200000, 0x0000000707300000|  0%| F|  |TAMS 0x0000000707200000, 0x0000000707200000| Untracked 
|  35|0x0000000707300000, 0x0000000707300000, 0x0000000707400000|  0%| F|  |TAMS 0x0000000707300000, 0x0000000707300000| Untracked 
|  36|0x0000000707400000, 0x0000000707400000, 0x0000000707500000|  0%| F|  |TAMS 0x0000000707400000, 0x0000000707400000| Untracked 
|  37|0x0000000707500000, 0x0000000707500000, 0x0000000707600000|  0%| F|  |TAMS 0x0000000707500000, 0x0000000707500000| Untracked 
|  38|0x0000000707600000, 0x0000000707600000, 0x0000000707700000|  0%| F|  |TAMS 0x0000000707600000, 0x0000000707600000| Untracked 
|  39|0x0000000707700000, 0x0000000707700000, 0x0000000707800000|  0%| F|  |TAMS 0x0000000707700000, 0x0000000707700000| Untracked 
|  40|0x0000000707800000, 0x0000000707800000, 0x0000000707900000|  0%| F|  |TAMS 0x0000000707800000, 0x0000000707800000| Untracked 
|  41|0x0000000707900000, 0x0000000707900000, 0x0000000707a00000|  0%| F|  |TAMS 0x0000000707900000, 0x0000000707900000| Untracked 
|  42|0x0000000707a00000, 0x0000000707a00000, 0x0000000707b00000|  0%| F|  |TAMS 0x0000000707a00000, 0x0000000707a00000| Untracked 
|  43|0x0000000707b00000, 0x0000000707b00000, 0x0000000707c00000|  0%| F|  |TAMS 0x0000000707b00000, 0x0000000707b00000| Untracked 
|  44|0x0000000707c00000, 0x0000000707c00000, 0x0000000707d00000|  0%| F|  |TAMS 0x0000000707c00000, 0x0000000707c00000| Untracked 
|  45|0x0000000707d00000, 0x0000000707d00000, 0x0000000707e00000|  0%| F|  |TAMS 0x0000000707d00000, 0x0000000707d00000| Untracked 
|  46|0x0000000707e00000, 0x0000000707e00000, 0x0000000707f00000|  0%| F|  |TAMS 0x0000000707e00000, 0x0000000707e00000| Untracked 
|  47|0x0000000707f00000, 0x0000000707f00000, 0x0000000708000000|  0%| F|  |TAMS 0x0000000707f00000, 0x0000000707f00000| Untracked 
|  48|0x0000000708000000, 0x0000000708000000, 0x0000000708100000|  0%| F|  |TAMS 0x0000000708000000, 0x0000000708000000| Untracked 
|  49|0x0000000708100000, 0x0000000708100000, 0x0000000708200000|  0%| F|  |TAMS 0x0000000708100000, 0x0000000708100000| Untracked 
|  50|0x0000000708200000, 0x0000000708200000, 0x0000000708300000|  0%| F|  |TAMS 0x0000000708200000, 0x0000000708200000| Untracked 
|  51|0x0000000708300000, 0x0000000708300000, 0x0000000708400000|  0%| F|  |TAMS 0x0000000708300000, 0x0000000708300000| Untracked 
|  52|0x0000000708400000, 0x0000000708400000, 0x0000000708500000|  0%| F|  |TAMS 0x0000000708400000, 0x0000000708400000| Untracked 
|  53|0x0000000708500000, 0x0000000708500000, 0x0000000708600000|  0%| F|  |TAMS 0x0000000708500000, 0x0000000708500000| Untracked 
|  54|0x0000000708600000, 0x0000000708600000, 0x0000000708700000|  0%| F|  |TAMS 0x0000000708600000, 0x0000000708600000| Untracked 
|  55|0x0000000708700000, 0x0000000708700000, 0x0000000708800000|  0%| F|  |TAMS 0x0000000708700000, 0x0000000708700000| Untracked 
|  56|0x0000000708800000, 0x0000000708800000, 0x0000000708900000|  0%| F|  |TAMS 0x0000000708800000, 0x0000000708800000| Untracked 
|  57|0x0000000708900000, 0x0000000708900000, 0x0000000708a00000|  0%| F|  |TAMS 0x0000000708900000, 0x0000000708900000| Untracked 
|  58|0x0000000708a00000, 0x0000000708a00000, 0x0000000708b00000|  0%| F|  |TAMS 0x0000000708a00000, 0x0000000708a00000| Untracked 
|  59|0x0000000708b00000, 0x0000000708b00000, 0x0000000708c00000|  0%| F|  |TAMS 0x0000000708b00000, 0x0000000708b00000| Untracked 
|  60|0x0000000708c00000, 0x0000000708c00000, 0x0000000708d00000|  0%| F|  |TAMS 0x0000000708c00000, 0x0000000708c00000| Untracked 
|  61|0x0000000708d00000, 0x0000000708d00000, 0x0000000708e00000|  0%| F|  |TAMS 0x0000000708d00000, 0x0000000708d00000| Untracked 
|  62|0x0000000708e00000, 0x0000000708e00000, 0x0000000708f00000|  0%| F|  |TAMS 0x0000000708e00000, 0x0000000708e00000| Untracked 
|  63|0x0000000708f00000, 0x0000000708f00000, 0x0000000709000000|  0%| F|  |TAMS 0x0000000708f00000, 0x0000000708f00000| Untracked 
|  64|0x0000000709000000, 0x0000000709000000, 0x0000000709100000|  0%| F|  |TAMS 0x0000000709000000, 0x0000000709000000| Untracked 
|  65|0x0000000709100000, 0x0000000709100000, 0x0000000709200000|  0%| F|  |TAMS 0x0000000709100000, 0x0000000709100000| Untracked 
|  66|0x0000000709200000, 0x0000000709200000, 0x0000000709300000|  0%| F|  |TAMS 0x0000000709200000, 0x0000000709200000| Untracked 
|  67|0x0000000709300000, 0x0000000709300000, 0x0000000709400000|  0%| F|  |TAMS 0x0000000709300000, 0x0000000709300000| Untracked 
|  68|0x0000000709400000, 0x0000000709400000, 0x0000000709500000|  0%| F|  |TAMS 0x0000000709400000, 0x0000000709400000| Untracked 
|  69|0x0000000709500000, 0x0000000709500000, 0x0000000709600000|  0%| F|  |TAMS 0x0000000709500000, 0x0000000709500000| Untracked 
|  70|0x0000000709600000, 0x0000000709600000, 0x0000000709700000|  0%| F|  |TAMS 0x0000000709600000, 0x0000000709600000| Untracked 
|  71|0x0000000709700000, 0x0000000709700000, 0x0000000709800000|  0%| F|  |TAMS 0x0000000709700000, 0x0000000709700000| Untracked 
|  72|0x0000000709800000, 0x0000000709800000, 0x0000000709900000|  0%| F|  |TAMS 0x0000000709800000, 0x0000000709800000| Untracked 
|  73|0x0000000709900000, 0x0000000709900000, 0x0000000709a00000|  0%| F|  |TAMS 0x0000000709900000, 0x0000000709900000| Untracked 
|  74|0x0000000709a00000, 0x0000000709a00000, 0x0000000709b00000|  0%| F|  |TAMS 0x0000000709a00000, 0x0000000709a00000| Untracked 
|  75|0x0000000709b00000, 0x0000000709b00000, 0x0000000709c00000|  0%| F|  |TAMS 0x0000000709b00000, 0x0000000709b00000| Untracked 
|  76|0x0000000709c00000, 0x0000000709c00000, 0x0000000709d00000|  0%| F|  |TAMS 0x0000000709c00000, 0x0000000709c00000| Untracked 
|  77|0x0000000709d00000, 0x0000000709d00000, 0x0000000709e00000|  0%| F|  |TAMS 0x0000000709d00000, 0x0000000709d00000| Untracked 
|  78|0x0000000709e00000, 0x0000000709e00000, 0x0000000709f00000|  0%| F|  |TAMS 0x0000000709e00000, 0x0000000709e00000| Untracked 
|  79|0x0000000709f00000, 0x0000000709f00000, 0x000000070a000000|  0%| F|  |TAMS 0x0000000709f00000, 0x0000000709f00000| Untracked 
|  80|0x000000070a000000, 0x000000070a000000, 0x000000070a100000|  0%| F|  |TAMS 0x000000070a000000, 0x000000070a000000| Untracked 
|  81|0x000000070a100000, 0x000000070a100000, 0x000000070a200000|  0%| F|  |TAMS 0x000000070a100000, 0x000000070a100000| Untracked 
|  82|0x000000070a200000, 0x000000070a200000, 0x000000070a300000|  0%| F|  |TAMS 0x000000070a200000, 0x000000070a200000| Untracked 
|  83|0x000000070a300000, 0x000000070a300000, 0x000000070a400000|  0%| F|  |TAMS 0x000000070a300000, 0x000000070a300000| Untracked 
|  84|0x000000070a400000, 0x000000070a400000, 0x000000070a500000|  0%| F|  |TAMS 0x000000070a400000, 0x000000070a400000| Untracked 
|  85|0x000000070a500000, 0x000000070a500000, 0x000000070a600000|  0%| F|  |TAMS 0x000000070a500000, 0x000000070a500000| Untracked 
|  86|0x000000070a600000, 0x000000070a600000, 0x000000070a700000|  0%| F|  |TAMS 0x000000070a600000, 0x000000070a600000| Untracked 
|  87|0x000000070a700000, 0x000000070a700000, 0x000000070a800000|  0%| F|  |TAMS 0x000000070a700000, 0x000000070a700000| Untracked 
|  88|0x000000070a800000, 0x000000070a800000, 0x000000070a900000|  0%| F|  |TAMS 0x000000070a800000, 0x000000070a800000| Untracked 
|  89|0x000000070a900000, 0x000000070a900000, 0x000000070aa00000|  0%| F|  |TAMS 0x000000070a900000, 0x000000070a900000| Untracked 
|  90|0x000000070aa00000, 0x000000070aa00000, 0x000000070ab00000|  0%| F|  |TAMS 0x000000070aa00000, 0x000000070aa00000| Untracked 
|  91|0x000000070ab00000, 0x000000070ab00000, 0x000000070ac00000|  0%| F|  |TAMS 0x000000070ab00000, 0x000000070ab00000| Untracked 
|  92|0x000000070ac00000, 0x000000070ac00000, 0x000000070ad00000|  0%| F|  |TAMS 0x000000070ac00000, 0x000000070ac00000| Untracked 
|  93|0x000000070ad00000, 0x000000070ad00000, 0x000000070ae00000|  0%| F|  |TAMS 0x000000070ad00000, 0x000000070ad00000| Untracked 
|  94|0x000000070ae00000, 0x000000070ae00000, 0x000000070af00000|  0%| F|  |TAMS 0x000000070ae00000, 0x000000070ae00000| Untracked 
|  95|0x000000070af00000, 0x000000070af00000, 0x000000070b000000|  0%| F|  |TAMS 0x000000070af00000, 0x000000070af00000| Untracked 
|  96|0x000000070b000000, 0x000000070b000000, 0x000000070b100000|  0%| F|  |TAMS 0x000000070b000000, 0x000000070b000000| Untracked 
|  97|0x000000070b100000, 0x000000070b100000, 0x000000070b200000|  0%| F|  |TAMS 0x000000070b100000, 0x000000070b100000| Untracked 
|  98|0x000000070b200000, 0x000000070b200000, 0x000000070b300000|  0%| F|  |TAMS 0x000000070b200000, 0x000000070b200000| Untracked 
|  99|0x000000070b300000, 0x000000070b300000, 0x000000070b400000|  0%| F|  |TAMS 0x000000070b300000, 0x000000070b300000| Untracked 
| 100|0x000000070b400000, 0x000000070b400000, 0x000000070b500000|  0%| F|  |TAMS 0x000000070b400000, 0x000000070b400000| Untracked 
| 101|0x000000070b500000, 0x000000070b500000, 0x000000070b600000|  0%| F|  |TAMS 0x000000070b500000, 0x000000070b500000| Untracked 
| 102|0x000000070b600000, 0x000000070b600000, 0x000000070b700000|  0%| F|  |TAMS 0x000000070b600000, 0x000000070b600000| Untracked 
| 103|0x000000070b700000, 0x000000070b700000, 0x000000070b800000|  0%| F|  |TAMS 0x000000070b700000, 0x000000070b700000| Untracked 
| 104|0x000000070b800000, 0x000000070b800000, 0x000000070b900000|  0%| F|  |TAMS 0x000000070b800000, 0x000000070b800000| Untracked 
| 105|0x000000070b900000, 0x000000070b900000, 0x000000070ba00000|  0%| F|  |TAMS 0x000000070b900000, 0x000000070b900000| Untracked 
| 106|0x000000070ba00000, 0x000000070ba00000, 0x000000070bb00000|  0%| F|  |TAMS 0x000000070ba00000, 0x000000070ba00000| Untracked 
| 107|0x000000070bb00000, 0x000000070bb00000, 0x000000070bc00000|  0%| F|  |TAMS 0x000000070bb00000, 0x000000070bb00000| Untracked 
| 108|0x000000070bc00000, 0x000000070bc00000, 0x000000070bd00000|  0%| F|  |TAMS 0x000000070bc00000, 0x000000070bc00000| Untracked 
| 109|0x000000070bd00000, 0x000000070bd00000, 0x000000070be00000|  0%| F|  |TAMS 0x000000070bd00000, 0x000000070bd00000| Untracked 
| 110|0x000000070be00000, 0x000000070be00000, 0x000000070bf00000|  0%| F|  |TAMS 0x000000070be00000, 0x000000070be00000| Untracked 
| 111|0x000000070bf00000, 0x000000070bf00000, 0x000000070c000000|  0%| F|  |TAMS 0x000000070bf00000, 0x000000070bf00000| Untracked 
| 112|0x000000070c000000, 0x000000070c000000, 0x000000070c100000|  0%| F|  |TAMS 0x000000070c000000, 0x000000070c000000| Untracked 
| 113|0x000000070c100000, 0x000000070c100000, 0x000000070c200000|  0%| F|  |TAMS 0x000000070c100000, 0x000000070c100000| Untracked 
| 114|0x000000070c200000, 0x000000070c200000, 0x000000070c300000|  0%| F|  |TAMS 0x000000070c200000, 0x000000070c200000| Untracked 
| 115|0x000000070c300000, 0x000000070c300000, 0x000000070c400000|  0%| F|  |TAMS 0x000000070c300000, 0x000000070c300000| Untracked 
| 116|0x000000070c400000, 0x000000070c400000, 0x000000070c500000|  0%| F|  |TAMS 0x000000070c400000, 0x000000070c400000| Untracked 
| 117|0x000000070c500000, 0x000000070c500000, 0x000000070c600000|  0%| F|  |TAMS 0x000000070c500000, 0x000000070c500000| Untracked 
| 118|0x000000070c600000, 0x000000070c600000, 0x000000070c700000|  0%| F|  |TAMS 0x000000070c600000, 0x000000070c600000| Untracked 
| 119|0x000000070c700000, 0x000000070c700000, 0x000000070c800000|  0%| F|  |TAMS 0x000000070c700000, 0x000000070c700000| Untracked 
| 120|0x000000070c800000, 0x000000070c800000, 0x000000070c900000|  0%| F|  |TAMS 0x000000070c800000, 0x000000070c800000| Untracked 
| 121|0x000000070c900000, 0x000000070c900000, 0x000000070ca00000|  0%| F|  |TAMS 0x000000070c900000, 0x000000070c900000| Untracked 
| 122|0x000000070ca00000, 0x000000070ca00000, 0x000000070cb00000|  0%| F|  |TAMS 0x000000070ca00000, 0x000000070ca00000| Untracked 
| 123|0x000000070cb00000, 0x000000070cb00000, 0x000000070cc00000|  0%| F|  |TAMS 0x000000070cb00000, 0x000000070cb00000| Untracked 
| 124|0x000000070cc00000, 0x000000070cc00000, 0x000000070cd00000|  0%| F|  |TAMS 0x000000070cc00000, 0x000000070cc00000| Untracked 
| 125|0x000000070cd00000, 0x000000070cd00000, 0x000000070ce00000|  0%| F|  |TAMS 0x000000070cd00000, 0x000000070cd00000| Untracked 
| 126|0x000000070ce00000, 0x000000070ce00000, 0x000000070cf00000|  0%| F|  |TAMS 0x000000070ce00000, 0x000000070ce00000| Untracked 
| 127|0x000000070cf00000, 0x000000070cf00000, 0x000000070d000000|  0%| F|  |TAMS 0x000000070cf00000, 0x000000070cf00000| Untracked 
| 128|0x000000070d000000, 0x000000070d000000, 0x000000070d100000|  0%| F|  |TAMS 0x000000070d000000, 0x000000070d000000| Untracked 
| 129|0x000000070d100000, 0x000000070d100000, 0x000000070d200000|  0%| F|  |TAMS 0x000000070d100000, 0x000000070d100000| Untracked 
| 130|0x000000070d200000, 0x000000070d200000, 0x000000070d300000|  0%| F|  |TAMS 0x000000070d200000, 0x000000070d200000| Untracked 
| 131|0x000000070d300000, 0x000000070d300000, 0x000000070d400000|  0%| F|  |TAMS 0x000000070d300000, 0x000000070d300000| Untracked 
| 132|0x000000070d400000, 0x000000070d400000, 0x000000070d500000|  0%| F|  |TAMS 0x000000070d400000, 0x000000070d400000| Untracked 
| 133|0x000000070d500000, 0x000000070d500000, 0x000000070d600000|  0%| F|  |TAMS 0x000000070d500000, 0x000000070d500000| Untracked 
| 134|0x000000070d600000, 0x000000070d600000, 0x000000070d700000|  0%| F|  |TAMS 0x000000070d600000, 0x000000070d600000| Untracked 
| 135|0x000000070d700000, 0x000000070d700000, 0x000000070d800000|  0%| F|  |TAMS 0x000000070d700000, 0x000000070d700000| Untracked 
| 136|0x000000070d800000, 0x000000070d800000, 0x000000070d900000|  0%| F|  |TAMS 0x000000070d800000, 0x000000070d800000| Untracked 
| 137|0x000000070d900000, 0x000000070d900000, 0x000000070da00000|  0%| F|  |TAMS 0x000000070d900000, 0x000000070d900000| Untracked 
| 138|0x000000070da00000, 0x000000070da00000, 0x000000070db00000|  0%| F|  |TAMS 0x000000070da00000, 0x000000070da00000| Untracked 
| 139|0x000000070db00000, 0x000000070db00000, 0x000000070dc00000|  0%| F|  |TAMS 0x000000070db00000, 0x000000070db00000| Untracked 
| 140|0x000000070dc00000, 0x000000070dc00000, 0x000000070dd00000|  0%| F|  |TAMS 0x000000070dc00000, 0x000000070dc00000| Untracked 
| 141|0x000000070dd00000, 0x000000070dd00000, 0x000000070de00000|  0%| F|  |TAMS 0x000000070dd00000, 0x000000070dd00000| Untracked 
| 142|0x000000070de00000, 0x000000070de00000, 0x000000070df00000|  0%| F|  |TAMS 0x000000070de00000, 0x000000070de00000| Untracked 
| 143|0x000000070df00000, 0x000000070df00000, 0x000000070e000000|  0%| F|  |TAMS 0x000000070df00000, 0x000000070df00000| Untracked 
| 144|0x000000070e000000, 0x000000070e000000, 0x000000070e100000|  0%| F|  |TAMS 0x000000070e000000, 0x000000070e000000| Untracked 
| 145|0x000000070e100000, 0x000000070e100000, 0x000000070e200000|  0%| F|  |TAMS 0x000000070e100000, 0x000000070e100000| Untracked 
| 146|0x000000070e200000, 0x000000070e200000, 0x000000070e300000|  0%| F|  |TAMS 0x000000070e200000, 0x000000070e200000| Untracked 
| 147|0x000000070e300000, 0x000000070e300000, 0x000000070e400000|  0%| F|  |TAMS 0x000000070e300000, 0x000000070e300000| Untracked 
| 148|0x000000070e400000, 0x000000070e400000, 0x000000070e500000|  0%| F|  |TAMS 0x000000070e400000, 0x000000070e400000| Untracked 
| 149|0x000000070e500000, 0x000000070e500000, 0x000000070e600000|  0%| F|  |TAMS 0x000000070e500000, 0x000000070e500000| Untracked 
| 150|0x000000070e600000, 0x000000070e600000, 0x000000070e700000|  0%| F|  |TAMS 0x000000070e600000, 0x000000070e600000| Untracked 
| 151|0x000000070e700000, 0x000000070e700000, 0x000000070e800000|  0%| F|  |TAMS 0x000000070e700000, 0x000000070e700000| Untracked 
| 152|0x000000070e800000, 0x000000070e800000, 0x000000070e900000|  0%| F|  |TAMS 0x000000070e800000, 0x000000070e800000| Untracked 
| 153|0x000000070e900000, 0x000000070e900000, 0x000000070ea00000|  0%| F|  |TAMS 0x000000070e900000, 0x000000070e900000| Untracked 
| 154|0x000000070ea00000, 0x000000070ea00000, 0x000000070eb00000|  0%| F|  |TAMS 0x000000070ea00000, 0x000000070ea00000| Untracked 
| 155|0x000000070eb00000, 0x000000070eb00000, 0x000000070ec00000|  0%| F|  |TAMS 0x000000070eb00000, 0x000000070eb00000| Untracked 
| 156|0x000000070ec00000, 0x000000070ec00000, 0x000000070ed00000|  0%| F|  |TAMS 0x000000070ec00000, 0x000000070ec00000| Untracked 
| 157|0x000000070ed00000, 0x000000070ed00000, 0x000000070ee00000|  0%| F|  |TAMS 0x000000070ed00000, 0x000000070ed00000| Untracked 
| 158|0x000000070ee00000, 0x000000070ee00000, 0x000000070ef00000|  0%| F|  |TAMS 0x000000070ee00000, 0x000000070ee00000| Untracked 
| 159|0x000000070ef00000, 0x000000070ef00000, 0x000000070f000000|  0%| F|  |TAMS 0x000000070ef00000, 0x000000070ef00000| Untracked 
| 160|0x000000070f000000, 0x000000070f000000, 0x000000070f100000|  0%| F|  |TAMS 0x000000070f000000, 0x000000070f000000| Untracked 
| 161|0x000000070f100000, 0x000000070f100000, 0x000000070f200000|  0%| F|  |TAMS 0x000000070f100000, 0x000000070f100000| Untracked 
| 162|0x000000070f200000, 0x000000070f200000, 0x000000070f300000|  0%| F|  |TAMS 0x000000070f200000, 0x000000070f200000| Untracked 
| 163|0x000000070f300000, 0x000000070f300000, 0x000000070f400000|  0%| F|  |TAMS 0x000000070f300000, 0x000000070f300000| Untracked 
| 164|0x000000070f400000, 0x000000070f400000, 0x000000070f500000|  0%| F|  |TAMS 0x000000070f400000, 0x000000070f400000| Untracked 
| 165|0x000000070f500000, 0x000000070f500000, 0x000000070f600000|  0%| F|  |TAMS 0x000000070f500000, 0x000000070f500000| Untracked 
| 166|0x000000070f600000, 0x000000070f600000, 0x000000070f700000|  0%| F|  |TAMS 0x000000070f600000, 0x000000070f600000| Untracked 
| 167|0x000000070f700000, 0x000000070f700000, 0x000000070f800000|  0%| F|  |TAMS 0x000000070f700000, 0x000000070f700000| Untracked 
| 168|0x000000070f800000, 0x000000070f800000, 0x000000070f900000|  0%| F|  |TAMS 0x000000070f800000, 0x000000070f800000| Untracked 
| 169|0x000000070f900000, 0x000000070f900000, 0x000000070fa00000|  0%| F|  |TAMS 0x000000070f900000, 0x000000070f900000| Untracked 
| 170|0x000000070fa00000, 0x000000070fa00000, 0x000000070fb00000|  0%| F|  |TAMS 0x000000070fa00000, 0x000000070fa00000| Untracked 
| 171|0x000000070fb00000, 0x000000070fb00000, 0x000000070fc00000|  0%| F|  |TAMS 0x000000070fb00000, 0x000000070fb00000| Untracked 
| 172|0x000000070fc00000, 0x000000070fc00000, 0x000000070fd00000|  0%| F|  |TAMS 0x000000070fc00000, 0x000000070fc00000| Untracked 
| 173|0x000000070fd00000, 0x000000070fd00000, 0x000000070fe00000|  0%| F|  |TAMS 0x000000070fd00000, 0x000000070fd00000| Untracked 
| 174|0x000000070fe00000, 0x000000070fe00000, 0x000000070ff00000|  0%| F|  |TAMS 0x000000070fe00000, 0x000000070fe00000| Untracked 
| 175|0x000000070ff00000, 0x000000070ff00000, 0x0000000710000000|  0%| F|  |TAMS 0x000000070ff00000, 0x000000070ff00000| Untracked 
| 176|0x0000000710000000, 0x0000000710000000, 0x0000000710100000|  0%| F|  |TAMS 0x0000000710000000, 0x0000000710000000| Untracked 
| 177|0x0000000710100000, 0x0000000710100000, 0x0000000710200000|  0%| F|  |TAMS 0x0000000710100000, 0x0000000710100000| Untracked 
| 178|0x0000000710200000, 0x0000000710200000, 0x0000000710300000|  0%| F|  |TAMS 0x0000000710200000, 0x0000000710200000| Untracked 
| 179|0x0000000710300000, 0x0000000710300000, 0x0000000710400000|  0%| F|  |TAMS 0x0000000710300000, 0x0000000710300000| Untracked 
| 180|0x0000000710400000, 0x0000000710400000, 0x0000000710500000|  0%| F|  |TAMS 0x0000000710400000, 0x0000000710400000| Untracked 
| 181|0x0000000710500000, 0x0000000710500000, 0x0000000710600000|  0%| F|  |TAMS 0x0000000710500000, 0x0000000710500000| Untracked 
| 182|0x0000000710600000, 0x0000000710600000, 0x0000000710700000|  0%| F|  |TAMS 0x0000000710600000, 0x0000000710600000| Untracked 
| 183|0x0000000710700000, 0x0000000710700000, 0x0000000710800000|  0%| F|  |TAMS 0x0000000710700000, 0x0000000710700000| Untracked 
| 184|0x0000000710800000, 0x0000000710800000, 0x0000000710900000|  0%| F|  |TAMS 0x0000000710800000, 0x0000000710800000| Untracked 
| 185|0x0000000710900000, 0x0000000710900000, 0x0000000710a00000|  0%| F|  |TAMS 0x0000000710900000, 0x0000000710900000| Untracked 
| 186|0x0000000710a00000, 0x0000000710a00000, 0x0000000710b00000|  0%| F|  |TAMS 0x0000000710a00000, 0x0000000710a00000| Untracked 
| 187|0x0000000710b00000, 0x0000000710b00000, 0x0000000710c00000|  0%| F|  |TAMS 0x0000000710b00000, 0x0000000710b00000| Untracked 
| 188|0x0000000710c00000, 0x0000000710c00000, 0x0000000710d00000|  0%| F|  |TAMS 0x0000000710c00000, 0x0000000710c00000| Untracked 
| 189|0x0000000710d00000, 0x0000000710d00000, 0x0000000710e00000|  0%| F|  |TAMS 0x0000000710d00000, 0x0000000710d00000| Untracked 
| 190|0x0000000710e00000, 0x0000000710e00000, 0x0000000710f00000|  0%| F|  |TAMS 0x0000000710e00000, 0x0000000710e00000| Untracked 
| 191|0x0000000710f00000, 0x0000000710f00000, 0x0000000711000000|  0%| F|  |TAMS 0x0000000710f00000, 0x0000000710f00000| Untracked 
| 192|0x0000000711000000, 0x0000000711000000, 0x0000000711100000|  0%| F|  |TAMS 0x0000000711000000, 0x0000000711000000| Untracked 
| 193|0x0000000711100000, 0x0000000711100000, 0x0000000711200000|  0%| F|  |TAMS 0x0000000711100000, 0x0000000711100000| Untracked 
| 194|0x0000000711200000, 0x0000000711200000, 0x0000000711300000|  0%| F|  |TAMS 0x0000000711200000, 0x0000000711200000| Untracked 
| 195|0x0000000711300000, 0x0000000711300000, 0x0000000711400000|  0%| F|  |TAMS 0x0000000711300000, 0x0000000711300000| Untracked 
| 196|0x0000000711400000, 0x0000000711400000, 0x0000000711500000|  0%| F|  |TAMS 0x0000000711400000, 0x0000000711400000| Untracked 
| 197|0x0000000711500000, 0x0000000711500000, 0x0000000711600000|  0%| F|  |TAMS 0x0000000711500000, 0x0000000711500000| Untracked 
| 198|0x0000000711600000, 0x0000000711600000, 0x0000000711700000|  0%| F|  |TAMS 0x0000000711600000, 0x0000000711600000| Untracked 
| 199|0x0000000711700000, 0x0000000711700000, 0x0000000711800000|  0%| F|  |TAMS 0x0000000711700000, 0x0000000711700000| Untracked 
| 200|0x0000000711800000, 0x0000000711800000, 0x0000000711900000|  0%| F|  |TAMS 0x0000000711800000, 0x0000000711800000| Untracked 
| 201|0x0000000711900000, 0x0000000711900000, 0x0000000711a00000|  0%| F|  |TAMS 0x0000000711900000, 0x0000000711900000| Untracked 
| 202|0x0000000711a00000, 0x0000000711a00000, 0x0000000711b00000|  0%| F|  |TAMS 0x0000000711a00000, 0x0000000711a00000| Untracked 
| 203|0x0000000711b00000, 0x0000000711b00000, 0x0000000711c00000|  0%| F|  |TAMS 0x0000000711b00000, 0x0000000711b00000| Untracked 
| 204|0x0000000711c00000, 0x0000000711c00000, 0x0000000711d00000|  0%| F|  |TAMS 0x0000000711c00000, 0x0000000711c00000| Untracked 
| 205|0x0000000711d00000, 0x0000000711d00000, 0x0000000711e00000|  0%| F|  |TAMS 0x0000000711d00000, 0x0000000711d00000| Untracked 
| 206|0x0000000711e00000, 0x0000000711e00000, 0x0000000711f00000|  0%| F|  |TAMS 0x0000000711e00000, 0x0000000711e00000| Untracked 
| 207|0x0000000711f00000, 0x0000000711f00000, 0x0000000712000000|  0%| F|  |TAMS 0x0000000711f00000, 0x0000000711f00000| Untracked 
| 208|0x0000000712000000, 0x0000000712000000, 0x0000000712100000|  0%| F|  |TAMS 0x0000000712000000, 0x0000000712000000| Untracked 
| 209|0x0000000712100000, 0x0000000712100000, 0x0000000712200000|  0%| F|  |TAMS 0x0000000712100000, 0x0000000712100000| Untracked 
| 210|0x0000000712200000, 0x0000000712200000, 0x0000000712300000|  0%| F|  |TAMS 0x0000000712200000, 0x0000000712200000| Untracked 
| 211|0x0000000712300000, 0x0000000712300000, 0x0000000712400000|  0%| F|  |TAMS 0x0000000712300000, 0x0000000712300000| Untracked 
| 212|0x0000000712400000, 0x0000000712400000, 0x0000000712500000|  0%| F|  |TAMS 0x0000000712400000, 0x0000000712400000| Untracked 
| 213|0x0000000712500000, 0x0000000712500000, 0x0000000712600000|  0%| F|  |TAMS 0x0000000712500000, 0x0000000712500000| Untracked 
| 214|0x0000000712600000, 0x0000000712600000, 0x0000000712700000|  0%| F|  |TAMS 0x0000000712600000, 0x0000000712600000| Untracked 
| 215|0x0000000712700000, 0x0000000712700000, 0x0000000712800000|  0%| F|  |TAMS 0x0000000712700000, 0x0000000712700000| Untracked 
| 216|0x0000000712800000, 0x0000000712800000, 0x0000000712900000|  0%| F|  |TAMS 0x0000000712800000, 0x0000000712800000| Untracked 
| 217|0x0000000712900000, 0x0000000712900000, 0x0000000712a00000|  0%| F|  |TAMS 0x0000000712900000, 0x0000000712900000| Untracked 
| 218|0x0000000712a00000, 0x0000000712a00000, 0x0000000712b00000|  0%| F|  |TAMS 0x0000000712a00000, 0x0000000712a00000| Untracked 
| 219|0x0000000712b00000, 0x0000000712b00000, 0x0000000712c00000|  0%| F|  |TAMS 0x0000000712b00000, 0x0000000712b00000| Untracked 
| 220|0x0000000712c00000, 0x0000000712c00000, 0x0000000712d00000|  0%| F|  |TAMS 0x0000000712c00000, 0x0000000712c00000| Untracked 
| 221|0x0000000712d00000, 0x0000000712d00000, 0x0000000712e00000|  0%| F|  |TAMS 0x0000000712d00000, 0x0000000712d00000| Untracked 
| 222|0x0000000712e00000, 0x0000000712e00000, 0x0000000712f00000|  0%| F|  |TAMS 0x0000000712e00000, 0x0000000712e00000| Untracked 
| 223|0x0000000712f00000, 0x0000000712f00000, 0x0000000713000000|  0%| F|  |TAMS 0x0000000712f00000, 0x0000000712f00000| Untracked 
| 224|0x0000000713000000, 0x0000000713000000, 0x0000000713100000|  0%| F|  |TAMS 0x0000000713000000, 0x0000000713000000| Untracked 
| 225|0x0000000713100000, 0x0000000713100000, 0x0000000713200000|  0%| F|  |TAMS 0x0000000713100000, 0x0000000713100000| Untracked 
| 226|0x0000000713200000, 0x0000000713200000, 0x0000000713300000|  0%| F|  |TAMS 0x0000000713200000, 0x0000000713200000| Untracked 
| 227|0x0000000713300000, 0x0000000713300000, 0x0000000713400000|  0%| F|  |TAMS 0x0000000713300000, 0x0000000713300000| Untracked 
| 228|0x0000000713400000, 0x0000000713400000, 0x0000000713500000|  0%| F|  |TAMS 0x0000000713400000, 0x0000000713400000| Untracked 
| 229|0x0000000713500000, 0x0000000713500000, 0x0000000713600000|  0%| F|  |TAMS 0x0000000713500000, 0x0000000713500000| Untracked 
| 230|0x0000000713600000, 0x0000000713600000, 0x0000000713700000|  0%| F|  |TAMS 0x0000000713600000, 0x0000000713600000| Untracked 
| 231|0x0000000713700000, 0x0000000713700000, 0x0000000713800000|  0%| F|  |TAMS 0x0000000713700000, 0x0000000713700000| Untracked 
| 232|0x0000000713800000, 0x0000000713800000, 0x0000000713900000|  0%| F|  |TAMS 0x0000000713800000, 0x0000000713800000| Untracked 
| 233|0x0000000713900000, 0x0000000713900000, 0x0000000713a00000|  0%| F|  |TAMS 0x0000000713900000, 0x0000000713900000| Untracked 
| 234|0x0000000713a00000, 0x0000000713a00000, 0x0000000713b00000|  0%| F|  |TAMS 0x0000000713a00000, 0x0000000713a00000| Untracked 
| 235|0x0000000713b00000, 0x0000000713b00000, 0x0000000713c00000|  0%| F|  |TAMS 0x0000000713b00000, 0x0000000713b00000| Untracked 
| 236|0x0000000713c00000, 0x0000000713c00000, 0x0000000713d00000|  0%| F|  |TAMS 0x0000000713c00000, 0x0000000713c00000| Untracked 
| 237|0x0000000713d00000, 0x0000000713d00000, 0x0000000713e00000|  0%| F|  |TAMS 0x0000000713d00000, 0x0000000713d00000| Untracked 
| 238|0x0000000713e00000, 0x0000000713e00000, 0x0000000713f00000|  0%| F|  |TAMS 0x0000000713e00000, 0x0000000713e00000| Untracked 
| 239|0x0000000713f00000, 0x0000000713f00000, 0x0000000714000000|  0%| F|  |TAMS 0x0000000713f00000, 0x0000000713f00000| Untracked 
| 240|0x0000000714000000, 0x00000007140acfb0, 0x0000000714100000| 67%| S|CS|TAMS 0x0000000714000000, 0x0000000714000000| Complete 
| 241|0x0000000714100000, 0x0000000714200000, 0x0000000714200000|100%| S|CS|TAMS 0x0000000714100000, 0x0000000714100000| Complete 
| 242|0x0000000714200000, 0x0000000714300000, 0x0000000714300000|100%| S|CS|TAMS 0x0000000714200000, 0x0000000714200000| Complete 
| 243|0x0000000714300000, 0x0000000714400000, 0x0000000714400000|100%| S|CS|TAMS 0x0000000714300000, 0x0000000714300000| Complete 
| 244|0x0000000714400000, 0x0000000714500000, 0x0000000714500000|100%| S|CS|TAMS 0x0000000714400000, 0x0000000714400000| Complete 
| 245|0x0000000714500000, 0x0000000714600000, 0x0000000714600000|100%| S|CS|TAMS 0x0000000714500000, 0x0000000714500000| Complete 
| 246|0x0000000714600000, 0x0000000714700000, 0x0000000714700000|100%| S|CS|TAMS 0x0000000714600000, 0x0000000714600000| Complete 
| 247|0x0000000714700000, 0x0000000714800000, 0x0000000714800000|100%| S|CS|TAMS 0x0000000714700000, 0x0000000714700000| Complete 
| 248|0x0000000714800000, 0x0000000714800000, 0x0000000714900000|  0%| F|  |TAMS 0x0000000714800000, 0x0000000714800000| Untracked 
| 249|0x0000000714900000, 0x0000000714900000, 0x0000000714a00000|  0%| F|  |TAMS 0x0000000714900000, 0x0000000714900000| Untracked 
| 250|0x0000000714a00000, 0x0000000714a00000, 0x0000000714b00000|  0%| F|  |TAMS 0x0000000714a00000, 0x0000000714a00000| Untracked 
| 251|0x0000000714b00000, 0x0000000714b00000, 0x0000000714c00000|  0%| F|  |TAMS 0x0000000714b00000, 0x0000000714b00000| Untracked 

Card table byte_map: [0x000002ad68a40000,0x000002ad69220000] _byte_map_base: 0x000002ad65218000

Marking Bits (Prev, Next): (CMBitMap*) 0x000002ad4f9cb840, (CMBitMap*) 0x000002ad4f9cb808
 Prev Bits: [0x000002ad6d8c0000, 0x000002ad71780000)
 Next Bits: [0x000002ad69a00000, 0x000002ad6d8c0000)

Polling page: 0x000002ad4fa20000

Metaspace:

Usage:
  Non-class:     29.87 MB capacity,    29.29 MB ( 98%) used,   479.01 KB (  2%) free+waste,   115.12 KB ( <1%) overhead. 
      Class:      4.70 MB capacity,     4.27 MB ( 91%) used,   378.19 KB (  8%) free+waste,    60.88 KB (  1%) overhead. 
       Both:     34.57 MB capacity,    33.56 MB ( 97%) used,   857.20 KB (  2%) free+waste,   176.00 KB ( <1%) overhead. 

Virtual space:
  Non-class space:       50.00 MB reserved,      29.92 MB ( 60%) committed 
      Class space:        1.00 GB reserved,       4.75 MB ( <1%) committed 
             Both:        1.05 GB reserved,      34.67 MB (  3%) committed 

Chunk freelists:
   Non-Class:  6.50 KB
       Class:  2.25 KB
        Both:  8.75 KB

CodeHeap 'non-profiled nmethods': size=238336Kb used=5372Kb max_used=5372Kb free=232964Kb
 bounds [0x000002ad58f30000, 0x000002ad59470000, 0x000002ad677f0000]
CodeHeap 'non-nmethods': size=7424Kb used=1184Kb max_used=1184Kb free=6239Kb
 bounds [0x000002ad587f0000, 0x000002ad58a60000, 0x000002ad58f30000]
 total_blobs=4023 nmethods=3521 adapters=427
 compilation: enabled
              stopped_count=0, restarted_count=0
 full_count=0

Compilation events (10 events):
Event: 4.653 Thread 0x000002ad74c2e800 3517       1       org.springframework.core.annotation.AnnotationAttributes::getStringArray (11 bytes)
Event: 4.654 Thread 0x000002ad74c2e800 nmethod 3517 0x000002ad5946c490 code [0x000002ad5946c620, 0x000002ad5946c728]
Event: 4.656 Thread 0x000002ad74c2e800 3518       1       java.util.Arrays$ArrayList::toArray (15 bytes)
Event: 4.656 Thread 0x000002ad74c2e800 nmethod 3518 0x000002ad5946c810 code [0x000002ad5946c9a0, 0x000002ad5946ca88]
Event: 4.656 Thread 0x000002ad74c2e800 3520       1       org.springframework.context.annotation.AnnotationConfigUtils::processCommonDefinitionAnnotations (164 bytes)
Event: 4.657 Thread 0x000002ad74c2e800 nmethod 3520 0x000002ad5946cb10 code [0x000002ad5946cf00, 0x000002ad5946e108]
Event: 4.657 Thread 0x000002ad74c2e800 3521       1       java.util.stream.Collectors::toCollection (22 bytes)
Event: 4.657 Thread 0x000002ad74c2e800 nmethod 3521 0x000002ad5946e910 code [0x000002ad5946eac0, 0x000002ad5946ec28]
Event: 4.657 Thread 0x000002ad74c2e800 3519       1       org.springframework.context.annotation.ConfigurationClass::getBeanName (5 bytes)
Event: 4.657 Thread 0x000002ad74c2e800 nmethod 3519 0x000002ad5946ed10 code [0x000002ad5946eea0, 0x000002ad5946ef58]

GC Heap History (10 events):
Event: 3.541 GC heap before
{Heap before GC invocations=4 (full 0):
 garbage-first heap   total 258048K, used 56546K [0x0000000705000000, 0x0000000800000000)
  region size 1024K, 47 young (48128K), 2 survivors (2048K)
 Metaspace       used 25609K, capacity 26341K, committed 26544K, reserved 1073152K
  class space    used 3198K, capacity 3496K, committed 3584K, reserved 1048576K
}
Event: 3.553 GC heap after
{Heap after GC invocations=5 (full 0):
 garbage-first heap   total 258048K, used 12963K [0x0000000705000000, 0x0000000800000000)
  region size 1024K, 4 young (4096K), 4 survivors (4096K)
 Metaspace       used 25609K, capacity 26341K, committed 26544K, reserved 1073152K
  class space    used 3198K, capacity 3496K, committed 3584K, reserved 1048576K
}
Event: 4.361 GC heap before
{Heap before GC invocations=5 (full 0):
 garbage-first heap   total 258048K, used 93859K [0x0000000705000000, 0x0000000800000000)
  region size 1024K, 83 young (84992K), 4 survivors (4096K)
 Metaspace       used 32097K, capacity 33009K, committed 33328K, reserved 1079296K
  class space    used 4017K, capacity 4404K, committed 4480K, reserved 1048576K
}
Event: 4.368 GC heap after
{Heap after GC invocations=6 (full 0):
 garbage-first heap   total 258048K, used 15992K [0x0000000705000000, 0x0000000800000000)
  region size 1024K, 7 young (7168K), 7 survivors (7168K)
 Metaspace       used 32097K, capacity 33009K, committed 33328K, reserved 1079296K
  class space    used 4017K, capacity 4404K, committed 4480K, reserved 1048576K
}
Event: 4.439 GC heap before
{Heap before GC invocations=6 (full 0):
 garbage-first heap   total 258048K, used 25208K [0x0000000705000000, 0x0000000800000000)
  region size 1024K, 17 young (17408K), 7 survivors (7168K)
 Metaspace       used 33240K, capacity 34165K, committed 34224K, reserved 1085440K
  class space    used 4193K, capacity 4602K, committed 4608K, reserved 1048576K
}
Event: 4.444 GC heap after
{Heap after GC invocations=7 (full 0):
 garbage-first heap   total 258048K, used 16464K [0x0000000705000000, 0x0000000800000000)
  region size 1024K, 7 young (7168K), 7 survivors (7168K)
 Metaspace       used 33240K, capacity 34165K, committed 34224K, reserved 1085440K
  class space    used 4193K, capacity 4602K, committed 4608K, reserved 1048576K
}
Event: 4.623 GC heap before
{Heap before GC invocations=8 (full 0):
 garbage-first heap   total 258048K, used 32848K [0x0000000705000000, 0x0000000800000000)
  region size 1024K, 24 young (24576K), 7 survivors (7168K)
 Metaspace       used 34077K, capacity 35114K, committed 35248K, reserved 1091584K
  class space    used 4339K, capacity 4782K, committed 4864K, reserved 1048576K
}
Event: 4.631 GC heap after
{Heap after GC invocations=9 (full 0):
 garbage-first heap   total 258048K, used 17265K [0x0000000705000000, 0x0000000800000000)
  region size 1024K, 8 young (8192K), 8 survivors (8192K)
 Metaspace       used 34077K, capacity 35114K, committed 35248K, reserved 1091584K
  class space    used 4339K, capacity 4782K, committed 4864K, reserved 1048576K
}
Event: 4.672 GC heap before
{Heap before GC invocations=10 (full 0):
 garbage-first heap   total 258048K, used 20337K [0x0000000705000000, 0x0000000800000000)
  region size 1024K, 12 young (12288K), 8 survivors (8192K)
 Metaspace       used 34368K, capacity 35402K, committed 35504K, reserved 1097728K
  class space    used 4374K, capacity 4814K, committed 4864K, reserved 1048576K
}
Event: 4.678 GC heap after
{Heap after GC invocations=11 (full 0):
 garbage-first heap   total 258048K, used 17301K [0x0000000705000000, 0x0000000800000000)
  region size 1024K, 8 young (8192K), 8 survivors (8192K)
 Metaspace       used 34368K, capacity 35402K, committed 35504K, reserved 1097728K
  class space    used 4374K, capacity 4814K, committed 4864K, reserved 1048576K
}

Deoptimization events (0 events):
No events

Classes redefined (0 events):
No events

Internal exceptions (10 events):
Event: 3.932 Thread 0x000002ad761c6000 Exception <a 'java/lang/IncompatibleClassChangeError'{0x0000000712215d58}: Found class java.lang.Object, but interface was expected> (0x0000000712215d58) thrown at [./open/src/hotspot/share/interpreter/linkResolver.cpp, line 838]
Event: 4.404 Thread 0x000002ad76856000 Exception <a 'java/lang/NoSuchMethodError'{0x00000007148bcda8}: java.lang.invoke.DirectMethodHandle$Holder.invokeStatic(Ljava/lang/Object;Ljava/lang/Object;Ljava/lang/Object;Ljava/lang/Object;Ljava/lang/Object;Ljava/lang/Object;Ljava/lang/Object;Ljava/lan
Event: 4.405 Thread 0x000002ad76856000 Exception <a 'java/lang/NoSuchMethodError'{0x00000007148c95c8}: java.lang.invoke.DirectMethodHandle$Holder.invokeStatic(Ljava/lang/Object;Ljava/lang/Object;Ljava/lang/Object;Ljava/lang/Object;Ljava/lang/Object;Ljava/lang/Object;Ljava/lang/Object;Ljava/lan
Event: 4.406 Thread 0x000002ad76856000 Exception <a 'java/lang/NoSuchMethodError'{0x00000007148e27f8}: java.lang.invoke.DelegatingMethodHandle$Holder.reinvoke_L(Ljava/lang/Object;ILjava/lang/Object;)Ljava/lang/Object;> (0x00000007148e27f8) thrown at [./open/src/hotspot/share/interpreter/linkRe
Event: 4.419 Thread 0x000002ad76856000 Exception <a 'java/lang/NoSuchMethodError'{0x00000007147d6790}: static [B.<clinit>()V> (0x00000007147d6790) thrown at [./open/src/hotspot/share/prims/jni.cpp, line 1366]
Event: 4.436 Thread 0x000002ad76683800 Exception <a 'java/lang/NoSuchMethodError'{0x00000007143c24b8}: java.lang.invoke.Invokers$Holder.linkToTargetMethod(Ljava/lang/Object;JLjava/lang/Object;)Ljava/lang/Object;> (0x00000007143c24b8) thrown at [./open/src/hotspot/share/interpreter/linkResolver
Event: 4.437 Thread 0x000002ad76856000 Exception <a 'java/lang/ClassNotFoundException'{0x000000071431a630}: javax/management/remote/rmi/RMIConnectionImpl_Skel> (0x000000071431a630) thrown at [./open/src/hotspot/share/classfile/systemDictionary.cpp, line 226]
Event: 4.458 Thread 0x000002ad76856000 Exception <a 'java/lang/reflect/InvocationTargetException'{0x0000000714b95810}> (0x0000000714b95810) thrown at [./open/src/hotspot/share/runtime/reflection.cpp, line 1242]
Event: 4.460 Thread 0x000002ad76856000 Exception <a 'java/lang/NoSuchMethodError'{0x0000000714bc1428}: static [Ljava/lang/StackTraceElement;.<clinit>()V> (0x0000000714bc1428) thrown at [./open/src/hotspot/share/prims/jni.cpp, line 1366]
Event: 4.513 Thread 0x000002ad761c6000 Exception <a 'java/lang/NoSuchMethodError'{0x00000007145d65c0}: java.lang.invoke.DirectMethodHandle$Holder.invokeSpecialIFC(Ljava/lang/Object;Ljava/lang/Object;Ljava/lang/Object;)Ljava/lang/Object;> (0x00000007145d65c0) thrown at [./open/src/hotspot/share

Events (10 events):
Event: 4.669 loading class com/fasterxml/jackson/core/io/ContentReference done
Event: 4.669 loading class com/fasterxml/jackson/core/io/IOContext
Event: 4.669 loading class com/fasterxml/jackson/core/io/IOContext done
Event: 4.669 loading class com/fasterxml/jackson/core/util/BufferRecyclers
Event: 4.669 loading class com/fasterxml/jackson/core/util/BufferRecyclers done
Event: 4.670 loading class com/fasterxml/jackson/core/util/BufferRecycler
Event: 4.670 loading class com/fasterxml/jackson/core/util/BufferRecycler done
Event: 4.670 loading class com/fasterxml/jackson/core/json/ByteSourceJsonBootstrapper
Event: 4.670 loading class com/fasterxml/jackson/core/json/ByteSourceJsonBootstrapper done
Event: 4.672 Executing VM operation: CollectForMetadataAllocation


Dynamic libraries:
0x00007ff69f590000 - 0x00007ff69f5a0000 	D:\Java\jdk-11\bin\java.exe
0x00007ffba55d0000 - 0x00007ffba57e4000 	C:\WINDOWS\SYSTEM32\ntdll.dll
0x00007ffba4b10000 - 0x00007ffba4bd2000 	C:\WINDOWS\System32\KERNEL32.DLL
0x00007ffba2ee0000 - 0x00007ffba3283000 	C:\WINDOWS\System32\KERNELBASE.dll
0x00007ffba3290000 - 0x00007ffba33a1000 	C:\WINDOWS\System32\ucrtbase.dll
0x00007ffb9d9f0000 - 0x00007ffb9da0b000 	D:\Java\jdk-11\bin\VCRUNTIME140.dll
0x00007ffb9da40000 - 0x00007ffb9da59000 	D:\Java\jdk-11\bin\jli.dll
0x00007ffba4590000 - 0x00007ffba463e000 	C:\WINDOWS\System32\ADVAPI32.dll
0x00007ffba4320000 - 0x00007ffba43c7000 	C:\WINDOWS\System32\msvcrt.dll
0x00007ffba33b0000 - 0x00007ffba3454000 	C:\WINDOWS\System32\sechost.dll
0x00007ffba53f0000 - 0x00007ffba5507000 	C:\WINDOWS\System32\RPCRT4.dll
0x00007ffba4fd0000 - 0x00007ffba517a000 	C:\WINDOWS\System32\USER32.dll
0x00007ffba2a90000 - 0x00007ffba2ab6000 	C:\WINDOWS\System32\win32u.dll
0x00007ffba42d0000 - 0x00007ffba42f9000 	C:\WINDOWS\System32\GDI32.dll
0x00007ffba2ac0000 - 0x00007ffba2bd9000 	C:\WINDOWS\System32\gdi32full.dll
0x00007ffba2e40000 - 0x00007ffba2eda000 	C:\WINDOWS\System32\msvcp_win.dll
0x00007ffb8c030000 - 0x00007ffb8c2be000 	C:\WINDOWS\WinSxS\amd64_microsoft.windows.common-controls_6595b64144ccf1df_6.0.22621.1635_none_270f70857386168e\COMCTL32.dll
0x00007ffb97cd0000 - 0x00007ffb97cda000 	C:\WINDOWS\SYSTEM32\VERSION.dll
0x00007ffba4650000 - 0x00007ffba4681000 	C:\WINDOWS\System32\IMM32.DLL
0x00007ffb9eef0000 - 0x00007ffb9eefc000 	D:\Java\jdk-11\bin\vcruntime140_1.dll
0x00007ffb8eec0000 - 0x00007ffb8ef4e000 	D:\Java\jdk-11\bin\msvcp140.dll
0x00007ffb41860000 - 0x00007ffb423cc000 	D:\Java\jdk-11\bin\server\jvm.dll
0x00007ffba4520000 - 0x00007ffba4528000 	C:\WINDOWS\System32\PSAPI.DLL
0x00007ffb8bd90000 - 0x00007ffb8bd99000 	C:\WINDOWS\SYSTEM32\WSOCK32.dll
0x00007ffb98000000 - 0x00007ffb98034000 	C:\WINDOWS\SYSTEM32\WINMM.dll
0x00007ffba5510000 - 0x00007ffba5581000 	C:\WINDOWS\System32\WS2_32.dll
0x00007ffba1ae0000 - 0x00007ffba1af8000 	C:\WINDOWS\SYSTEM32\kernel.appcore.dll
0x00007ffb9db10000 - 0x00007ffb9db20000 	D:\Java\jdk-11\bin\verify.dll
0x00007ffb9ff60000 - 0x00007ffba018e000 	C:\WINDOWS\SYSTEM32\DBGHELP.DLL
0x00007ffba4c40000 - 0x00007ffba4fc9000 	C:\WINDOWS\System32\combase.dll
0x00007ffba3960000 - 0x00007ffba3a37000 	C:\WINDOWS\System32\OLEAUT32.dll
0x00007ffb84c10000 - 0x00007ffb84c42000 	C:\WINDOWS\SYSTEM32\dbgcore.DLL
0x00007ffba2dc0000 - 0x00007ffba2e3a000 	C:\WINDOWS\System32\bcryptPrimitives.dll
0x00007ffb904a0000 - 0x00007ffb904c8000 	D:\Java\jdk-11\bin\java.dll
0x00007ffb9dac0000 - 0x00007ffb9daca000 	D:\Java\jdk-11\bin\jimage.dll
0x00007ffb91e40000 - 0x00007ffb91e4e000 	D:\Java\jdk-11\bin\instrument.dll
0x00007ffb91e60000 - 0x00007ffb91e77000 	D:\Java\jdk-11\bin\zip.dll
0x00007ffba3a50000 - 0x00007ffba4249000 	C:\WINDOWS\System32\SHELL32.dll
0x00007ffba0970000 - 0x00007ffba123e000 	C:\WINDOWS\SYSTEM32\windows.storage.dll
0x00007ffba0830000 - 0x00007ffba096e000 	C:\WINDOWS\SYSTEM32\wintypes.dll
0x00007ffba43d0000 - 0x00007ffba44c1000 	C:\WINDOWS\System32\SHCORE.dll
0x00007ffba4be0000 - 0x00007ffba4c3e000 	C:\WINDOWS\System32\shlwapi.dll
0x00007ffba2900000 - 0x00007ffba2926000 	C:\WINDOWS\SYSTEM32\profapi.dll
0x00007ffb91920000 - 0x00007ffb91939000 	D:\Java\jdk-11\bin\net.dll
0x00007ffb9b7f0000 - 0x00007ffb9b927000 	C:\WINDOWS\SYSTEM32\WINHTTP.dll
0x00007ffba1f80000 - 0x00007ffba1fe9000 	C:\WINDOWS\system32\mswsock.dll
0x00007ffb8fef0000 - 0x00007ffb8ff02000 	D:\Java\jdk-11\bin\nio.dll
0x00007ffb918a0000 - 0x00007ffb918ba000 	C:\Program Files\JetBrains\IntelliJ IDEA 2023.1.1\bin\breakgen64.dll
0x00007ffba1580000 - 0x00007ffba1673000 	C:\WINDOWS\SYSTEM32\DNSAPI.dll
0x00007ffba1510000 - 0x00007ffba153d000 	C:\WINDOWS\SYSTEM32\IPHLPAPI.DLL
0x00007ffba4640000 - 0x00007ffba4649000 	C:\WINDOWS\System32\NSI.dll
0x00007ffb97ed0000 - 0x00007ffb97eda000 	C:\Windows\System32\rasadhlp.dll
0x00007ffb94cc0000 - 0x00007ffb94d44000 	C:\WINDOWS\System32\fwpuclnt.dll
0x00007ffb91e30000 - 0x00007ffb91e39000 	D:\Java\jdk-11\bin\management.dll
0x00007ffb91910000 - 0x00007ffb9191b000 	D:\Java\jdk-11\bin\management_ext.dll
0x00007ffba21e0000 - 0x00007ffba21fb000 	C:\WINDOWS\SYSTEM32\CRYPTSP.dll
0x00007ffba1a50000 - 0x00007ffba1a85000 	C:\WINDOWS\system32\rsaenh.dll
0x00007ffba2080000 - 0x00007ffba20ac000 	C:\WINDOWS\SYSTEM32\USERENV.dll
0x00007ffba2380000 - 0x00007ffba23a8000 	C:\WINDOWS\SYSTEM32\bcrypt.dll
0x00007ffba2200000 - 0x00007ffba220c000 	C:\WINDOWS\SYSTEM32\CRYPTBASE.dll
0x00007ffb98850000 - 0x00007ffb98869000 	C:\WINDOWS\SYSTEM32\dhcpcsvc6.DLL
0x00007ffb987f0000 - 0x00007ffb9880f000 	C:\WINDOWS\SYSTEM32\dhcpcsvc.DLL
0x00007ffb84000000 - 0x00007ffb84017000 	C:\WINDOWS\system32\napinsp.dll
0x00007ffb81a30000 - 0x00007ffb81a4b000 	C:\WINDOWS\system32\pnrpnsp.dll
0x00007ffb81960000 - 0x00007ffb81971000 	C:\WINDOWS\System32\winrnr.dll
0x00007ffb95010000 - 0x00007ffb95025000 	C:\WINDOWS\system32\wshbth.dll
0x00007ffb81930000 - 0x00007ffb81951000 	C:\WINDOWS\system32\nlansp_c.dll

dbghelp: loaded successfully - version: 4.0.5 - missing functions: none
symbol engine: initialized successfully - sym options: 0x614 - pdb path: .;D:\Java\jdk-11\bin;C:\WINDOWS\SYSTEM32;C:\WINDOWS\WinSxS\amd64_microsoft.windows.common-controls_6595b64144ccf1df_6.0.22621.1635_none_270f70857386168e;D:\Java\jdk-11\bin\server;C:\Program Files\JetBrains\IntelliJ IDEA 2023.1.1\bin

VM Arguments:
jvm_args: -XX:TieredStopAtLevel=1 -Xverify:none -Dspring.output.ansi.enabled=always -Dcom.sun.management.jmxremote -Dspring.jmx.enabled=true -Dspring.liveBeansView.mbeanDomain -Dspring.application.admin.enabled=true -Dmanagement.endpoints.jmx.exposure.include=* -javaagent:C:\Program Files\JetBrains\IntelliJ IDEA 2023.1.1\lib\idea_rt.jar=10660:C:\Program Files\JetBrains\IntelliJ IDEA 2023.1.1\bin -Dfile.encoding=UTF-8 
java_command: rabbit.umc.com.RabbitApplication
java_class_path (initial): D:\umc_rabbit\Server\out\production\classes;D:\umc_rabbit\Server\out\production\resources;C:\Users\bjm24\.gradle\caches\modules-2\files-2.1\org.projectlombok\lombok\1.18.28\a2ff5da8bcd8b1b26f36b806ced63213362c6dcc\lombok-1.18.28.jar;C:\Users\bjm24\.gradle\caches\modules-2\files-2.1\org.springframework.boot\spring-boot-starter-data-jpa\2.7.13\98aba6063ce411ae5e7ce263ce7c7012427559a6\spring-boot-starter-data-jpa-2.7.13.jar;C:\Users\bjm24\.gradle\caches\modules-2\files-2.1\org.springframework.boot\spring-boot-starter-web\2.7.13\707bd743fa544ca06a78a657465c1ca0f5084ea4\spring-boot-starter-web-2.7.13.jar;C:\Users\bjm24\.gradle\caches\modules-2\files-2.1\org.springframework.boot\spring-boot-starter-thymeleaf\2.7.13\b36514a2ba8b03510ea3163c7c1611d60a3adaeb\spring-boot-starter-thymeleaf-2.7.13.jar;C:\Users\bjm24\.gradle\caches\modules-2\files-2.1\org.springframework.boot\spring-boot-devtools\2.7.13\9d1e8a775525c42106d4eb6eda7f6237ad0f2c0d\spring-boot-devtools-2.7.13.jar;C:\Users\bjm24\.gradle\caches\modules-2\files-2.1\org.springframework.boot\spring-boot-starter-validation\2.7.13\7afa516cf9064c4764a5e944886b559b1eb0b136\spring-boot-starter-validation-2.7.13.jar;C:\Users\bjm24\.gradle\caches\modules-2\files-2.1\org.springframework.boot\spring-boot-starter-security\2.7.13\f9865128e03e45337297ce9efd998f0c78a8e5d7\spring-boot-starter-security-2.7.13.jar;C:\Users\bjm24\.gradle\caches\modules-2\files-2.1\io.jsonwebtoken\jjwt-impl\0.11.5\40a599f0e8a8e4e0701596fbb15e67bfda64fdf0\jjwt-impl-0.11.5.jar;C:\Users\bjm24\.gradle\caches\modules-2\files-2.1\io.jsonwebtoken\jjwt-jackson\0.11.5\3b83a06809e98a69402d7333dcf67df6f6ea4579\jjwt-jackson-0.11.5.jar;C:\Users\bjm24\.gradle\caches\modules-2\files-2.1\io.jsonwebtoken\jjwt-api\0.11.5\f742940045619d06383e7df37b21ac422b476cf1\jjwt-api-0.11.5.jar;C:\Users\bjm24\.gradle\caches\modules-2\files-2.1\org.springframework.boot\spring-boot-starter-mail\2.7.13\f18dc4c2a8f9708922f84f54e757290fe17b53cc\spring-boot-starter
Launcher Type: SUN_STANDARD

[Global flags]
     bool BytecodeVerificationLocal                = false                                     {product} {command line}
     bool BytecodeVerificationRemote               = false                                     {product} {command line}
     intx CICompilerCount                          = 4                                         {product} {ergonomic}
     uint ConcGCThreads                            = 2                                         {product} {ergonomic}
     uint G1ConcRefinementThreads                  = 8                                         {product} {ergonomic}
   size_t G1HeapRegionSize                         = 1048576                                   {product} {ergonomic}
    uintx GCDrainStackTargetSize                   = 64                                        {product} {ergonomic}
   size_t InitialHeapSize                          = 264241152                                 {product} {ergonomic}
     bool ManagementServer                         = true                                      {product} {command line}
   size_t MarkStackSize                            = 4194304                                   {product} {ergonomic}
   size_t MaxHeapSize                              = 4211081216                                {product} {ergonomic}
   size_t MaxNewSize                               = 2526019584                                {product} {ergonomic}
   size_t MinHeapDeltaBytes                        = 1048576                                   {product} {ergonomic}
    uintx NonNMethodCodeHeapSize                   = 7549744                                {pd product} {ergonomic}
    uintx NonProfiledCodeHeapSize                  = 244108496                              {pd product} {ergonomic}
    uintx ProfiledCodeHeapSize                     = 0                                      {pd product} {ergonomic}
    uintx ReservedCodeCacheSize                    = 251658240                              {pd product} {ergonomic}
     bool SegmentedCodeCache                       = true                                      {product} {ergonomic}
     intx TieredStopAtLevel                        = 1                                         {product} {command line}
     bool UseCompressedClassPointers               = true                                 {lp64_product} {ergonomic}
     bool UseCompressedOops                        = true                                 {lp64_product} {ergonomic}
     bool UseG1GC                                  = true                                      {product} {ergonomic}
     bool UseLargePagesIndividualAllocation        = false                                  {pd product} {ergonomic}

Logging:
Log output configuration:
 #0: stdout all=warning uptime,level,tags
 #1: stderr all=off uptime,level,tags

Environment Variables:
JAVA_HOME=D:\Java\jdk-11
CLASSPATH=D:\Java\jdk-11\lib
PATH=C:\Program Files (x86)\VMware\VMware Player\bin\;C:\Program Files\Common Files\Oracle\Java\javapath;C:\WINDOWS\system32;C:\WINDOWS;C:\WINDOWS\System32\Wbem;C:\WINDOWS\System32\WindowsPowerShell\v1.0\;C:\WINDOWS\System32\OpenSSH\;C:\Program Files (x86)\IVI Foundation\VISA\WinNT\Bin;D:\programs\runtime\win64;D:\programs\bin;C:\Program Files\nodejs\;C:\Program Files\mosquitto;C:\Users\bjm24\AppData\Local\Android\Sdk\platform-tools;C:\Users\bjm24\AppData\Local\Programs\Python\Python311;C:\Users\bjm24\AppData\Local\Programs\Python\Python311\Scripts;D:\Java\jdk-11\bin;D:\programs\Git\cmd;C:\Program Files\MySQL\MySQL Shell 8.0\bin\;C:\Users\bjm24\AppData\Local\Programs\Python\Python311\Scripts\;C:\Users\bjm24\AppData\Local\Programs\Python\Python311\;C:\OrCAD\OrCAD_16.6_Lite\tools\pcb\bin;C:\OrCAD\OrCAD_16.6_Lite\tools\fet\bin;C:\OrCAD\OrCAD_16.6_Lite\OpenAccess\bin\win32\opt;C:\OrCAD\OrCAD_16.6_Lite\tools\bin;C:\OrCAD\OrCAD_16.6_Lite\tools\Capture;C:\OrCAD\OrCAD_16.6_Lite\tools\PSpice;C:\Users\bjm24\AppData\Local\Microsoft\WindowsApps;C:\intelFPGA_pro\21.1\modelsim_ase\win32aloem;C:\Users\bjm24\AppData\Roaming\npm;C:\Users\bjm24\AppData\Local\Programs\Microsoft VS Code\bin:C:\Users\bjm24\AppData\Local\Android\Sdk\platform-tools;C:\Users\bjm24\AppData\Local\Programs\Microsoft VS Code\bin;C:\Users\bjm24\AppData\Local\Programs\Python\Python311;C:\Users\bjm24\AppData\Local\Programs\Python\Python311\Scripts;;D:\programs\DataGrip 2023.1\bin;;C:\Program Files\JetBrains\IntelliJ IDEA Community Edition 2023.1.1\bin;;C:\Program Files (x86)\ESTsoft\ALSee\x64
USERNAME=rabbit_admin
OS=Windows_NT
PROCESSOR_IDENTIFIER=Intel64 Family 6 Model 140 Stepping 1, GenuineIntel



---------------  S Y S T E M  ---------------

OS: Windows 11 , 64 bit Build 22621 (10.0.22621.1928)
Hyper-V role detected

CPU:total 8 (initial active 8) (4 cores per cpu, 2 threads per core) family 6 model 140 stepping 1 microcode 0x9a, cmov, cx8, fxsr, mmx, sse, sse2, sse3, ssse3, sse4.1, sse4.2, popcnt, avx, avx2, aes, clmul, erms, 3dnowpref, lzcnt, ht, tsc, tscinvbit, bmi1, bmi2, adx, evex, sha, fma

Memory: 4k page, system-wide physical 16057M (2927M free)
TotalPageFile size 17972M (AvailPageFile size 0M)
current process WorkingSet (physical memory assigned to process): 192M, peak: 192M
current process commit charge ("private bytes"): 387M, peak: 388M

vm_info: Java HotSpot(TM) 64-Bit Server VM (11.0.19+9-LTS-224) for windows-amd64 JRE (11.0.19+9-LTS-224), built on Mar 27 2023 08:48:55 by "mach5one" with MS VC++ 17.1 (VS2022)

END.
